[2022-11-28 05:59:54] merlin-logger.ERROR: The file was not able to save to disk, while trying to download it {"url":"https://raw.githubusercontent.com/olive-blocks/demo-content/main/themes/arc-fse/plugin-settings.json","filename":"arc-fse-plugin-settings.json"} []
[2022-11-28 05:59:54] merlin-logger.INFO: Imported "Consulting" (category) [] []
[2022-11-28 05:59:54] merlin-logger.DEBUG: Term 8 remapped to 2 [] []
[2022-11-28 05:59:54] merlin-logger.INFO: Imported "Creative" (category) [] []
[2022-11-28 05:59:54] merlin-logger.DEBUG: Term 1 remapped to 3 [] []
[2022-11-28 05:59:54] merlin-logger.INFO: Imported "Development" (category) [] []
[2022-11-28 05:59:54] merlin-logger.DEBUG: Term 9 remapped to 4 [] []
[2022-11-28 05:59:54] merlin-logger.INFO: Imported "Digital Marketing" (category) [] []
[2022-11-28 05:59:54] merlin-logger.DEBUG: Term 10 remapped to 5 [] []
[2022-11-28 05:59:54] merlin-logger.INFO: Imported "Finance" (category) [] []
[2022-11-28 05:59:54] merlin-logger.DEBUG: Term 11 remapped to 6 [] []
[2022-11-28 05:59:54] merlin-logger.INFO: Imported "Illustration" (category) [] []
[2022-11-28 05:59:54] merlin-logger.DEBUG: Term 12 remapped to 7 [] []
[2022-11-28 05:59:54] merlin-logger.INFO: Imported "IT Technology" (category) [] []
[2022-11-28 05:59:54] merlin-logger.DEBUG: Term 13 remapped to 8 [] []
[2022-11-28 05:59:54] merlin-logger.INFO: Imported "Management" (category) [] []
[2022-11-28 05:59:54] merlin-logger.DEBUG: Term 6 remapped to 9 [] []
[2022-11-28 05:59:54] merlin-logger.INFO: Imported "Strategy" (category) [] []
[2022-11-28 05:59:54] merlin-logger.DEBUG: Term 14 remapped to 10 [] []
[2022-11-28 05:59:54] merlin-logger.INFO: Imported "Agency" (post_tag) [] []
[2022-11-28 05:59:54] merlin-logger.DEBUG: Term 16 remapped to 11 [] []
[2022-11-28 05:59:54] merlin-logger.INFO: Imported "Blocks Theme" (post_tag) [] []
[2022-11-28 05:59:54] merlin-logger.DEBUG: Term 19 remapped to 12 [] []
[2022-11-28 05:59:54] merlin-logger.INFO: Imported "Corporate" (post_tag) [] []
[2022-11-28 05:59:54] merlin-logger.DEBUG: Term 15 remapped to 13 [] []
[2022-11-28 05:59:54] merlin-logger.INFO: Imported "FSE Theme" (post_tag) [] []
[2022-11-28 05:59:54] merlin-logger.DEBUG: Term 17 remapped to 14 [] []
[2022-11-28 05:59:54] merlin-logger.INFO: Imported "OliveThemes" (post_tag) [] []
[2022-11-28 05:59:54] merlin-logger.DEBUG: Term 18 remapped to 15 [] []
[2022-11-28 05:59:54] merlin-logger.INFO: Imported "arc" (wp_theme) [] []
[2022-11-28 05:59:54] merlin-logger.DEBUG: Term 2 remapped to 16 [] []
[2022-11-28 05:59:54] merlin-logger.INFO: Imported "arc-fse" (wp_theme) [] []
[2022-11-28 05:59:54] merlin-logger.DEBUG: Term 20 remapped to 17 [] []
[2022-11-28 05:59:54] merlin-logger.INFO: Imported "footer" (wp_template_part_area) [] []
[2022-11-28 05:59:54] merlin-logger.DEBUG: Term 5 remapped to 18 [] []
[2022-11-28 05:59:54] merlin-logger.INFO: Imported "header" (wp_template_part_area) [] []
[2022-11-28 05:59:54] merlin-logger.DEBUG: Term 3 remapped to 19 [] []
[2022-11-28 05:59:54] merlin-logger.INFO: Imported "Primary Menu" (nav_menu) [] []
[2022-11-28 05:59:54] merlin-logger.DEBUG: Term 4 remapped to 20 [] []
[2022-11-28 05:59:54] merlin-logger.INFO: Imported "uncategorized" (wp_template_part_area) [] []
[2022-11-28 05:59:54] merlin-logger.DEBUG: Term 7 remapped to 21 [] []
[2022-11-28 05:59:55] merlin-logger.INFO: Imported "logo" (Media) [] []
[2022-11-28 05:59:55] merlin-logger.DEBUG: Post 11 remapped to 11 [] []
[2022-11-28 05:59:56] merlin-logger.INFO: Imported "slider" (Media) [] []
[2022-11-28 05:59:56] merlin-logger.DEBUG: Post 13 remapped to 13 [] []
[2022-11-28 05:59:56] merlin-logger.INFO: Imported "icon-1" (Media) [] []
[2022-11-28 05:59:56] merlin-logger.DEBUG: Post 67 remapped to 67 [] []
[2022-11-28 05:59:56] merlin-logger.INFO: Imported "icon-dark-2" (Media) [] []
[2022-11-28 05:59:56] merlin-logger.DEBUG: Post 68 remapped to 68 [] []
[2022-11-28 05:59:57] merlin-logger.INFO: Imported "icon-3" (Media) [] []
[2022-11-28 05:59:57] merlin-logger.DEBUG: Post 69 remapped to 69 [] []
[2022-11-28 05:59:57] merlin-logger.INFO: Imported "hero-img" (Media) [] []
[2022-11-28 05:59:57] merlin-logger.DEBUG: Post 71 remapped to 71 [] []
[2022-11-28 05:59:58] merlin-logger.INFO: Imported "case-1" (Media) [] []
[2022-11-28 05:59:58] merlin-logger.DEBUG: Post 76 remapped to 76 [] []
[2022-11-28 05:59:59] merlin-logger.INFO: Imported "case-2" (Media) [] []
[2022-11-28 05:59:59] merlin-logger.DEBUG: Post 77 remapped to 77 [] []
[2022-11-28 06:00:01] merlin-logger.INFO: Imported "case-3" (Media) [] []
[2022-11-28 06:00:01] merlin-logger.DEBUG: Post 78 remapped to 78 [] []
[2022-11-28 06:00:02] merlin-logger.INFO: Imported "case-4" (Media) [] []
[2022-11-28 06:00:02] merlin-logger.DEBUG: Post 79 remapped to 79 [] []
[2022-11-28 06:00:02] merlin-logger.INFO: Imported "case-5" (Media) [] []
[2022-11-28 06:00:02] merlin-logger.DEBUG: Post 80 remapped to 80 [] []
[2022-11-28 06:00:05] merlin-logger.INFO: Imported "case-6" (Media) [] []
[2022-11-28 06:00:05] merlin-logger.DEBUG: Post 81 remapped to 81 [] []
[2022-11-28 06:00:05] merlin-logger.INFO: Imported "tab-img-1" (Media) [] []
[2022-11-28 06:00:05] merlin-logger.DEBUG: Post 87 remapped to 87 [] []
[2022-11-28 06:00:05] merlin-logger.INFO: Imported "team-1" (Media) [] []
[2022-11-28 06:00:05] merlin-logger.DEBUG: Post 91 remapped to 91 [] []
[2022-11-28 06:00:07] merlin-logger.INFO: Imported "team-2" (Media) [] []
[2022-11-28 06:00:07] merlin-logger.DEBUG: Post 92 remapped to 92 [] []
[2022-11-28 06:00:08] merlin-logger.INFO: Imported "team-3" (Media) [] []
[2022-11-28 06:00:08] merlin-logger.DEBUG: Post 93 remapped to 93 [] []
[2022-11-28 06:00:08] merlin-logger.INFO: Imported "team-3-1" (Media) [] []
[2022-11-28 06:00:08] merlin-logger.DEBUG: Post 94 remapped to 94 [] []
[2022-11-28 06:00:09] merlin-logger.INFO: Imported "homepage-dark" (Media) [] []
[2022-11-28 06:00:09] merlin-logger.DEBUG: Post 98 remapped to 98 [] []
[2022-11-28 06:00:13] merlin-logger.INFO: Imported "video-bg" (Media) [] []
[2022-11-28 06:00:13] merlin-logger.DEBUG: Post 103 remapped to 103 [] []
[2022-11-28 06:00:13] merlin-logger.INFO: Imported "video-icon" (Media) [] []
[2022-11-28 06:00:13] merlin-logger.DEBUG: Post 104 remapped to 104 [] []
[2022-11-28 06:00:13] merlin-logger.INFO: Imported "Investment Planning and Strategy" (Post) [] []
[2022-11-28 06:00:13] merlin-logger.DEBUG: Post 1 remapped to 105 [] []
[2022-11-28 06:00:13] merlin-logger.INFO: Imported "Custom Styles" (Global Styles) [] []
[2022-11-28 06:00:13] merlin-logger.DEBUG: Post 4 remapped to 106 [] []
[2022-11-28 06:00:13] merlin-logger.INFO: Imported "Home" (Page) [] []
[2022-11-28 06:00:13] merlin-logger.DEBUG: Post 32 remapped to 32 [] []
[2022-11-28 06:00:13] merlin-logger.INFO: Imported "About Us" (Page) [] []
[2022-11-28 06:00:13] merlin-logger.DEBUG: Post 41 remapped to 41 [] []
[2022-11-28 06:00:13] merlin-logger.INFO: Imported "Contact Us" (Page) [] []
[2022-11-28 06:00:13] merlin-logger.DEBUG: Post 42 remapped to 42 [] []
[2022-11-28 06:00:13] merlin-logger.INFO: Imported "Services" (Page) [] []
[2022-11-28 06:00:13] merlin-logger.DEBUG: Post 43 remapped to 43 [] []
[2022-11-28 06:00:13] merlin-logger.INFO: Imported "Blog" (Page) [] []
[2022-11-28 06:00:13] merlin-logger.DEBUG: Post 48 remapped to 48 [] []
[2022-11-28 06:00:13] merlin-logger.INFO: Imported "Header navigation" (Navigation Menu) [] []
[2022-11-28 06:00:13] merlin-logger.DEBUG: Post 50 remapped to 50 [] []
[2022-11-28 06:00:13] merlin-logger.INFO: Imported "Home" (Navigation Menu Item) [] []
[2022-11-28 06:00:13] merlin-logger.DEBUG: Post 51 remapped to 51 [] []
[2022-11-28 06:00:13] merlin-logger.DEBUG: Processing menu item custom [] []
[2022-11-28 06:00:13] merlin-logger.DEBUG: Menu item 51 mapped to 51 [] []
[2022-11-28 06:00:13] merlin-logger.INFO: Imported "" (Navigation Menu Item) [] []
[2022-11-28 06:00:13] merlin-logger.DEBUG: Post 52 remapped to 52 [] []
[2022-11-28 06:00:13] merlin-logger.DEBUG: Processing menu item post_type [] []
[2022-11-28 06:00:13] merlin-logger.DEBUG: Menu item 41 mapped to 41 [] []
[2022-11-28 06:00:13] merlin-logger.INFO: Imported "" (Navigation Menu Item) [] []
[2022-11-28 06:00:13] merlin-logger.DEBUG: Post 53 remapped to 53 [] []
[2022-11-28 06:00:14] merlin-logger.DEBUG: Processing menu item post_type [] []
[2022-11-28 06:00:14] merlin-logger.DEBUG: Menu item 42 mapped to 42 [] []
[2022-11-28 06:00:14] merlin-logger.INFO: Imported "" (Navigation Menu Item) [] []
[2022-11-28 06:00:14] merlin-logger.DEBUG: Post 55 remapped to 55 [] []
[2022-11-28 06:00:14] merlin-logger.DEBUG: Processing menu item post_type [] []
[2022-11-28 06:00:14] merlin-logger.DEBUG: Menu item 48 mapped to 48 [] []
[2022-11-28 06:00:14] merlin-logger.INFO: New AJAX call! [] []
[2022-11-28 06:00:15] merlin-logger.ERROR: The file was not able to save to disk, while trying to download it {"url":"https://raw.githubusercontent.com/olive-blocks/demo-content/main/themes/arc-fse/plugin-settings.json","filename":"arc-fse-plugin-settings.json"} []
[2022-11-28 06:00:15] merlin-logger.INFO: Imported "" (Navigation Menu Item) [] []
[2022-11-28 06:00:15] merlin-logger.DEBUG: Post 57 remapped to 57 [] []
[2022-11-28 06:00:15] merlin-logger.DEBUG: Processing menu item post_type [] []
[2022-11-28 06:00:15] merlin-logger.DEBUG: Menu item 43 mapped to 43 [] []
[2022-11-28 06:00:15] merlin-logger.INFO: Imported "Primary Menu" (Navigation Menu) [] []
[2022-11-28 06:00:15] merlin-logger.DEBUG: Post 58 remapped to 58 [] []
[2022-11-28 06:00:15] merlin-logger.INFO: Imported "International Business Opportunities" (Post) [] []
[2022-11-28 06:00:15] merlin-logger.DEBUG: Post 125 remapped to 125 [] []
[2022-11-28 06:00:15] merlin-logger.INFO: Imported "Strategic and Commercial Approach" (Post) [] []
[2022-11-28 06:00:15] merlin-logger.DEBUG: Post 126 remapped to 126 [] []
[2022-11-28 06:00:16] merlin-logger.INFO: Imported "cover-banner" (Media) [] []
[2022-11-28 06:00:16] merlin-logger.DEBUG: Post 143 remapped to 143 [] []
[2022-11-28 06:00:16] merlin-logger.INFO: Imported "Custom Styles" (Global Styles) [] []
[2022-11-28 06:00:16] merlin-logger.DEBUG: Post 171 remapped to 171 [] []
[2022-11-28 06:00:16] merlin-logger.INFO: Imported "Primary Menu" (Navigation Menu) [] []
[2022-11-28 06:00:16] merlin-logger.DEBUG: Post 174 remapped to 174 [] []
[2022-11-28 06:00:17] merlin-logger.INFO: Imported "post-2 (1)" (Media) [] []
[2022-11-28 06:00:17] merlin-logger.DEBUG: Post 188 remapped to 188 [] []
[2022-11-28 06:00:17] merlin-logger.INFO: Imported "Header" (Template Part) [] []
[2022-11-28 06:00:17] merlin-logger.DEBUG: Post 168 remapped to 168 [] []
[2022-11-28 06:00:17] merlin-logger.INFO: Imported "Header" (Template Part) [] []
[2022-11-28 06:00:17] merlin-logger.DEBUG: Post 172 remapped to 172 [] []
[2022-11-28 06:00:17] merlin-logger.WARNING: Failed to import "Contact Form": Invalid post type wpcf7_contact_form [] []
[2022-11-28 06:00:17] merlin-logger.INFO: Imported "Primary Menu" (Navigation Menu) [] []
[2022-11-28 06:00:17] merlin-logger.DEBUG: Post 192 remapped to 192 [] []
[2022-11-28 06:00:17] merlin-logger.INFO: Imported "Home" (Template) [] []
[2022-11-28 06:00:17] merlin-logger.DEBUG: Post 195 remapped to 195 [] []
[2022-11-28 06:00:17] merlin-logger.INFO: Imported "Search" (Template) [] []
[2022-11-28 06:00:17] merlin-logger.DEBUG: Post 196 remapped to 196 [] []
[2022-11-28 06:00:17] merlin-logger.INFO: Imported "Archive" (Template) [] []
[2022-11-28 06:00:17] merlin-logger.DEBUG: Post 197 remapped to 197 [] []
[2022-11-28 06:00:17] merlin-logger.DEBUG: Running post-processing for post 11 [] []
[2022-11-28 06:00:17] merlin-logger.WARNING: Could not find the author for "logo" (post #11) [] []
[2022-11-28 06:00:17] merlin-logger.DEBUG: Post 11 was imported with author "hostmybro", but could not be found [] []
[2022-11-28 06:00:17] merlin-logger.DEBUG: Post 11 was marked for post-processing, but none was required. [] []
[2022-11-28 06:00:17] merlin-logger.DEBUG: Running post-processing for post 13 [] []
[2022-11-28 06:00:17] merlin-logger.WARNING: Could not find the author for "slider" (post #13) [] []
[2022-11-28 06:00:17] merlin-logger.DEBUG: Post 13 was imported with author "hostmybro", but could not be found [] []
[2022-11-28 06:00:17] merlin-logger.DEBUG: Post 13 was marked for post-processing, but none was required. [] []
[2022-11-28 06:00:17] merlin-logger.DEBUG: Running post-processing for post 67 [] []
[2022-11-28 06:00:17] merlin-logger.WARNING: Could not find the author for "icon-1" (post #67) [] []
[2022-11-28 06:00:17] merlin-logger.DEBUG: Post 67 was imported with author "hostmybro", but could not be found [] []
[2022-11-28 06:00:17] merlin-logger.DEBUG: Post 67 was marked for post-processing, but none was required. [] []
[2022-11-28 06:00:17] merlin-logger.DEBUG: Running post-processing for post 68 [] []
[2022-11-28 06:00:17] merlin-logger.WARNING: Could not find the author for "icon-dark-2" (post #68) [] []
[2022-11-28 06:00:17] merlin-logger.DEBUG: Post 68 was imported with author "hostmybro", but could not be found [] []
[2022-11-28 06:00:17] merlin-logger.DEBUG: Post 68 was marked for post-processing, but none was required. [] []
[2022-11-28 06:00:17] merlin-logger.DEBUG: Running post-processing for post 69 [] []
[2022-11-28 06:00:17] merlin-logger.WARNING: Could not find the author for "icon-3" (post #69) [] []
[2022-11-28 06:00:17] merlin-logger.DEBUG: Post 69 was imported with author "hostmybro", but could not be found [] []
[2022-11-28 06:00:17] merlin-logger.DEBUG: Post 69 was marked for post-processing, but none was required. [] []
[2022-11-28 06:00:17] merlin-logger.DEBUG: Running post-processing for post 71 [] []
[2022-11-28 06:00:17] merlin-logger.WARNING: Could not find the author for "hero-img" (post #71) [] []
[2022-11-28 06:00:17] merlin-logger.DEBUG: Post 71 was imported with author "hostmybro", but could not be found [] []
[2022-11-28 06:00:17] merlin-logger.DEBUG: Post 71 was marked for post-processing, but none was required. [] []
[2022-11-28 06:00:17] merlin-logger.DEBUG: Running post-processing for post 76 [] []
[2022-11-28 06:00:17] merlin-logger.WARNING: Could not find the author for "case-1" (post #76) [] []
[2022-11-28 06:00:17] merlin-logger.DEBUG: Post 76 was imported with author "hostmybro", but could not be found [] []
[2022-11-28 06:00:17] merlin-logger.DEBUG: Post 76 was marked for post-processing, but none was required. [] []
[2022-11-28 06:00:17] merlin-logger.DEBUG: Running post-processing for post 77 [] []
[2022-11-28 06:00:17] merlin-logger.WARNING: Could not find the author for "case-2" (post #77) [] []
[2022-11-28 06:00:17] merlin-logger.DEBUG: Post 77 was imported with author "hostmybro", but could not be found [] []
[2022-11-28 06:00:17] merlin-logger.DEBUG: Post 77 was marked for post-processing, but none was required. [] []
[2022-11-28 06:00:17] merlin-logger.DEBUG: Running post-processing for post 78 [] []
[2022-11-28 06:00:17] merlin-logger.WARNING: Could not find the author for "case-3" (post #78) [] []
[2022-11-28 06:00:17] merlin-logger.DEBUG: Post 78 was imported with author "hostmybro", but could not be found [] []
[2022-11-28 06:00:17] merlin-logger.DEBUG: Post 78 was marked for post-processing, but none was required. [] []
[2022-11-28 06:00:17] merlin-logger.DEBUG: Running post-processing for post 79 [] []
[2022-11-28 06:00:17] merlin-logger.WARNING: Could not find the author for "case-4" (post #79) [] []
[2022-11-28 06:00:17] merlin-logger.DEBUG: Post 79 was imported with author "hostmybro", but could not be found [] []
[2022-11-28 06:00:17] merlin-logger.DEBUG: Post 79 was marked for post-processing, but none was required. [] []
[2022-11-28 06:00:17] merlin-logger.DEBUG: Running post-processing for post 80 [] []
[2022-11-28 06:00:17] merlin-logger.WARNING: Could not find the author for "case-5" (post #80) [] []
[2022-11-28 06:00:17] merlin-logger.DEBUG: Post 80 was imported with author "hostmybro", but could not be found [] []
[2022-11-28 06:00:17] merlin-logger.DEBUG: Post 80 was marked for post-processing, but none was required. [] []
[2022-11-28 06:00:17] merlin-logger.DEBUG: Running post-processing for post 81 [] []
[2022-11-28 06:00:17] merlin-logger.WARNING: Could not find the author for "case-6" (post #81) [] []
[2022-11-28 06:00:17] merlin-logger.DEBUG: Post 81 was imported with author "hostmybro", but could not be found [] []
[2022-11-28 06:00:17] merlin-logger.DEBUG: Post 81 was marked for post-processing, but none was required. [] []
[2022-11-28 06:00:17] merlin-logger.DEBUG: Running post-processing for post 87 [] []
[2022-11-28 06:00:17] merlin-logger.WARNING: Could not find the author for "tab-img-1" (post #87) [] []
[2022-11-28 06:00:17] merlin-logger.DEBUG: Post 87 was imported with author "hostmybro", but could not be found [] []
[2022-11-28 06:00:17] merlin-logger.DEBUG: Post 87 was marked for post-processing, but none was required. [] []
[2022-11-28 06:00:17] merlin-logger.DEBUG: Running post-processing for post 91 [] []
[2022-11-28 06:00:17] merlin-logger.WARNING: Could not find the author for "team-1" (post #91) [] []
[2022-11-28 06:00:17] merlin-logger.DEBUG: Post 91 was imported with author "hostmybro", but could not be found [] []
[2022-11-28 06:00:17] merlin-logger.DEBUG: Post 91 was marked for post-processing, but none was required. [] []
[2022-11-28 06:00:17] merlin-logger.DEBUG: Running post-processing for post 92 [] []
[2022-11-28 06:00:17] merlin-logger.WARNING: Could not find the author for "team-2" (post #92) [] []
[2022-11-28 06:00:17] merlin-logger.DEBUG: Post 92 was imported with author "hostmybro", but could not be found [] []
[2022-11-28 06:00:17] merlin-logger.DEBUG: Post 92 was marked for post-processing, but none was required. [] []
[2022-11-28 06:00:17] merlin-logger.DEBUG: Running post-processing for post 93 [] []
[2022-11-28 06:00:17] merlin-logger.WARNING: Could not find the author for "team-3" (post #93) [] []
[2022-11-28 06:00:17] merlin-logger.DEBUG: Post 93 was imported with author "hostmybro", but could not be found [] []
[2022-11-28 06:00:17] merlin-logger.DEBUG: Post 93 was marked for post-processing, but none was required. [] []
[2022-11-28 06:00:17] merlin-logger.DEBUG: Running post-processing for post 94 [] []
[2022-11-28 06:00:17] merlin-logger.WARNING: Could not find the author for "team-3-1" (post #94) [] []
[2022-11-28 06:00:17] merlin-logger.DEBUG: Post 94 was imported with author "hostmybro", but could not be found [] []
[2022-11-28 06:00:17] merlin-logger.DEBUG: Post 94 was marked for post-processing, but none was required. [] []
[2022-11-28 06:00:17] merlin-logger.DEBUG: Running post-processing for post 98 [] []
[2022-11-28 06:00:17] merlin-logger.WARNING: Could not find the author for "homepage-dark" (post #98) [] []
[2022-11-28 06:00:17] merlin-logger.DEBUG: Post 98 was imported with author "hostmybro", but could not be found [] []
[2022-11-28 06:00:17] merlin-logger.DEBUG: Post 98 was marked for post-processing, but none was required. [] []
[2022-11-28 06:00:17] merlin-logger.DEBUG: Running post-processing for post 103 [] []
[2022-11-28 06:00:17] merlin-logger.WARNING: Could not find the author for "video-bg" (post #103) [] []
[2022-11-28 06:00:17] merlin-logger.DEBUG: Post 103 was imported with author "hostmybro", but could not be found [] []
[2022-11-28 06:00:17] merlin-logger.DEBUG: Post 103 was marked for post-processing, but none was required. [] []
[2022-11-28 06:00:17] merlin-logger.DEBUG: Running post-processing for post 104 [] []
[2022-11-28 06:00:17] merlin-logger.WARNING: Could not find the author for "video-icon" (post #104) [] []
[2022-11-28 06:00:17] merlin-logger.DEBUG: Post 104 was imported with author "hostmybro", but could not be found [] []
[2022-11-28 06:00:17] merlin-logger.DEBUG: Post 104 was marked for post-processing, but none was required. [] []
[2022-11-28 06:00:17] merlin-logger.DEBUG: Running post-processing for post 105 [] []
[2022-11-28 06:00:17] merlin-logger.WARNING: Could not find the author for "Investment Planning and Strategy" (post #105) [] []
[2022-11-28 06:00:17] merlin-logger.DEBUG: Post 105 was imported with author "hostmybro", but could not be found [] []
[2022-11-28 06:00:17] merlin-logger.DEBUG: Post 105 was marked for post-processing, but none was required. [] []
[2022-11-28 06:00:17] merlin-logger.DEBUG: Running post-processing for post 106 [] []
[2022-11-28 06:00:17] merlin-logger.WARNING: Could not find the author for "Custom Styles" (post #106) [] []
[2022-11-28 06:00:17] merlin-logger.DEBUG: Post 106 was imported with author "hostmybro", but could not be found [] []
[2022-11-28 06:00:17] merlin-logger.DEBUG: Post 106 was marked for post-processing, but none was required. [] []
[2022-11-28 06:00:17] merlin-logger.DEBUG: Running post-processing for post 32 [] []
[2022-11-28 06:00:17] merlin-logger.WARNING: Could not find the author for "Home" (post #32) [] []
[2022-11-28 06:00:17] merlin-logger.DEBUG: Post 32 was imported with author "hostmybro", but could not be found [] []
[2022-11-28 06:00:17] merlin-logger.DEBUG: Post 32 was marked for post-processing, but none was required. [] []
[2022-11-28 06:00:17] merlin-logger.DEBUG: Running post-processing for post 41 [] []
[2022-11-28 06:00:17] merlin-logger.WARNING: Could not find the author for "About Us" (post #41) [] []
[2022-11-28 06:00:17] merlin-logger.DEBUG: Post 41 was imported with author "hostmybro", but could not be found [] []
[2022-11-28 06:00:17] merlin-logger.DEBUG: Post 41 was marked for post-processing, but none was required. [] []
[2022-11-28 06:00:17] merlin-logger.DEBUG: Running post-processing for post 42 [] []
[2022-11-28 06:00:17] merlin-logger.WARNING: Could not find the author for "Contact Us" (post #42) [] []
[2022-11-28 06:00:17] merlin-logger.DEBUG: Post 42 was imported with author "hostmybro", but could not be found [] []
[2022-11-28 06:00:17] merlin-logger.DEBUG: Post 42 was marked for post-processing, but none was required. [] []
[2022-11-28 06:00:17] merlin-logger.DEBUG: Running post-processing for post 43 [] []
[2022-11-28 06:00:17] merlin-logger.WARNING: Could not find the author for "Services" (post #43) [] []
[2022-11-28 06:00:17] merlin-logger.DEBUG: Post 43 was imported with author "hostmybro", but could not be found [] []
[2022-11-28 06:00:17] merlin-logger.DEBUG: Post 43 was marked for post-processing, but none was required. [] []
[2022-11-28 06:00:17] merlin-logger.DEBUG: Running post-processing for post 48 [] []
[2022-11-28 06:00:17] merlin-logger.WARNING: Could not find the author for "Blog" (post #48) [] []
[2022-11-28 06:00:17] merlin-logger.DEBUG: Post 48 was imported with author "hostmybro", but could not be found [] []
[2022-11-28 06:00:17] merlin-logger.DEBUG: Post 48 was marked for post-processing, but none was required. [] []
[2022-11-28 06:00:17] merlin-logger.DEBUG: Running post-processing for post 50 [] []
[2022-11-28 06:00:17] merlin-logger.WARNING: Could not find the author for "Header navigation" (post #50) [] []
[2022-11-28 06:00:17] merlin-logger.DEBUG: Post 50 was imported with author "hostmybro", but could not be found [] []
[2022-11-28 06:00:17] merlin-logger.DEBUG: Post 50 was marked for post-processing, but none was required. [] []
[2022-11-28 06:00:17] merlin-logger.DEBUG: Running post-processing for post 51 [] []
[2022-11-28 06:00:17] merlin-logger.WARNING: Could not find the author for "Home" (post #51) [] []
[2022-11-28 06:00:17] merlin-logger.DEBUG: Post 51 was imported with author "hostmybro", but could not be found [] []
[2022-11-28 06:00:17] merlin-logger.DEBUG: Post 51 was marked for post-processing, but none was required. [] []
[2022-11-28 06:00:17] merlin-logger.DEBUG: Running post-processing for post 52 [] []
[2022-11-28 06:00:17] merlin-logger.WARNING: Could not find the author for "" (post #52) [] []
[2022-11-28 06:00:17] merlin-logger.DEBUG: Post 52 was imported with author "hostmybro", but could not be found [] []
[2022-11-28 06:00:17] merlin-logger.DEBUG: Post 52 was marked for post-processing, but none was required. [] []
[2022-11-28 06:00:17] merlin-logger.DEBUG: Running post-processing for post 53 [] []
[2022-11-28 06:00:17] merlin-logger.WARNING: Could not find the author for "" (post #53) [] []
[2022-11-28 06:00:17] merlin-logger.DEBUG: Post 53 was imported with author "hostmybro", but could not be found [] []
[2022-11-28 06:00:17] merlin-logger.DEBUG: Post 53 was marked for post-processing, but none was required. [] []
[2022-11-28 06:00:17] merlin-logger.DEBUG: Running post-processing for post 55 [] []
[2022-11-28 06:00:17] merlin-logger.WARNING: Could not find the author for "" (post #55) [] []
[2022-11-28 06:00:17] merlin-logger.DEBUG: Post 55 was imported with author "hostmybro", but could not be found [] []
[2022-11-28 06:00:17] merlin-logger.DEBUG: Post 55 was marked for post-processing, but none was required. [] []
[2022-11-28 06:00:17] merlin-logger.DEBUG: Running post-processing for post 57 [] []
[2022-11-28 06:00:17] merlin-logger.WARNING: Could not find the author for "" (post #57) [] []
[2022-11-28 06:00:17] merlin-logger.DEBUG: Post 57 was imported with author "hostmybro", but could not be found [] []
[2022-11-28 06:00:17] merlin-logger.DEBUG: Post 57 was marked for post-processing, but none was required. [] []
[2022-11-28 06:00:17] merlin-logger.DEBUG: Running post-processing for post 58 [] []
[2022-11-28 06:00:17] merlin-logger.WARNING: Could not find the author for "Primary Menu" (post #58) [] []
[2022-11-28 06:00:17] merlin-logger.DEBUG: Post 58 was imported with author "hostmybro", but could not be found [] []
[2022-11-28 06:00:17] merlin-logger.DEBUG: Post 58 was marked for post-processing, but none was required. [] []
[2022-11-28 06:00:17] merlin-logger.DEBUG: Running post-processing for post 125 [] []
[2022-11-28 06:00:17] merlin-logger.WARNING: Could not find the author for "International Business Opportunities" (post #125) [] []
[2022-11-28 06:00:17] merlin-logger.DEBUG: Post 125 was imported with author "hostmybro", but could not be found [] []
[2022-11-28 06:00:17] merlin-logger.DEBUG: Post 125 was marked for post-processing, but none was required. [] []
[2022-11-28 06:00:17] merlin-logger.DEBUG: Running post-processing for post 126 [] []
[2022-11-28 06:00:17] merlin-logger.WARNING: Could not find the author for "Strategic and Commercial Approach" (post #126) [] []
[2022-11-28 06:00:17] merlin-logger.DEBUG: Post 126 was imported with author "hostmybro", but could not be found [] []
[2022-11-28 06:00:17] merlin-logger.DEBUG: Post 126 was marked for post-processing, but none was required. [] []
[2022-11-28 06:00:17] merlin-logger.DEBUG: Running post-processing for post 143 [] []
[2022-11-28 06:00:17] merlin-logger.WARNING: Could not find the author for "cover-banner" (post #143) [] []
[2022-11-28 06:00:17] merlin-logger.DEBUG: Post 143 was imported with author "hostmybro", but could not be found [] []
[2022-11-28 06:00:17] merlin-logger.DEBUG: Post 143 was marked for post-processing, but none was required. [] []
[2022-11-28 06:00:17] merlin-logger.DEBUG: Running post-processing for post 171 [] []
[2022-11-28 06:00:17] merlin-logger.WARNING: Could not find the author for "Custom Styles" (post #171) [] []
[2022-11-28 06:00:17] merlin-logger.DEBUG: Post 171 was imported with author "hostmybro", but could not be found [] []
[2022-11-28 06:00:17] merlin-logger.DEBUG: Post 171 was marked for post-processing, but none was required. [] []
[2022-11-28 06:00:17] merlin-logger.DEBUG: Running post-processing for post 174 [] []
[2022-11-28 06:00:17] merlin-logger.WARNING: Could not find the author for "Primary Menu" (post #174) [] []
[2022-11-28 06:00:17] merlin-logger.DEBUG: Post 174 was imported with author "hostmybro", but could not be found [] []
[2022-11-28 06:00:17] merlin-logger.DEBUG: Post 174 was marked for post-processing, but none was required. [] []
[2022-11-28 06:00:17] merlin-logger.DEBUG: Running post-processing for post 188 [] []
[2022-11-28 06:00:17] merlin-logger.WARNING: Could not find the author for "post-2 (1)" (post #188) [] []
[2022-11-28 06:00:17] merlin-logger.DEBUG: Post 188 was imported with author "hostmybro", but could not be found [] []
[2022-11-28 06:00:17] merlin-logger.DEBUG: Post 188 was marked for post-processing, but none was required. [] []
[2022-11-28 06:00:17] merlin-logger.DEBUG: Running post-processing for post 168 [] []
[2022-11-28 06:00:17] merlin-logger.WARNING: Could not find the author for "Header" (post #168) [] []
[2022-11-28 06:00:17] merlin-logger.DEBUG: Post 168 was imported with author "hostmybro", but could not be found [] []
[2022-11-28 06:00:17] merlin-logger.DEBUG: Post 168 was marked for post-processing, but none was required. [] []
[2022-11-28 06:00:17] merlin-logger.DEBUG: Running post-processing for post 172 [] []
[2022-11-28 06:00:17] merlin-logger.WARNING: Could not find the author for "Header" (post #172) [] []
[2022-11-28 06:00:17] merlin-logger.DEBUG: Post 172 was imported with author "hostmybro", but could not be found [] []
[2022-11-28 06:00:17] merlin-logger.DEBUG: Post 172 was marked for post-processing, but none was required. [] []
[2022-11-28 06:00:17] merlin-logger.DEBUG: Running post-processing for post 192 [] []
[2022-11-28 06:00:17] merlin-logger.WARNING: Could not find the author for "Primary Menu" (post #192) [] []
[2022-11-28 06:00:17] merlin-logger.DEBUG: Post 192 was imported with author "hostmybro", but could not be found [] []
[2022-11-28 06:00:17] merlin-logger.DEBUG: Post 192 was marked for post-processing, but none was required. [] []
[2022-11-28 06:00:17] merlin-logger.DEBUG: Running post-processing for post 195 [] []
[2022-11-28 06:00:17] merlin-logger.WARNING: Could not find the author for "Home" (post #195) [] []
[2022-11-28 06:00:17] merlin-logger.DEBUG: Post 195 was imported with author "hostmybro", but could not be found [] []
[2022-11-28 06:00:17] merlin-logger.DEBUG: Post 195 was marked for post-processing, but none was required. [] []
[2022-11-28 06:00:17] merlin-logger.DEBUG: Running post-processing for post 196 [] []
[2022-11-28 06:00:17] merlin-logger.WARNING: Could not find the author for "Search" (post #196) [] []
[2022-11-28 06:00:17] merlin-logger.DEBUG: Post 196 was imported with author "hostmybro", but could not be found [] []
[2022-11-28 06:00:17] merlin-logger.DEBUG: Post 196 was marked for post-processing, but none was required. [] []
[2022-11-28 06:00:17] merlin-logger.DEBUG: Running post-processing for post 197 [] []
[2022-11-28 06:00:17] merlin-logger.WARNING: Could not find the author for "Archive" (post #197) [] []
[2022-11-28 06:00:17] merlin-logger.DEBUG: Post 197 was imported with author "hostmybro", but could not be found [] []
[2022-11-28 06:00:17] merlin-logger.DEBUG: Post 197 was marked for post-processing, but none was required. [] []
[2022-11-28 06:00:17] merlin-logger.INFO: Starting remapping of featured images [] []
